Base path: D:/Unity3D/Editor/Data
Cmd: initializeCompiler
Cmd: compileCompute
  api=4 insize=564 outsize=305 ok=1
Cmd: compileCompute
  error: 2 plat 4 at ReactDiffuse.compute(22): undeclared identifier 'cells'
  api=4 insize=1203 outsize=0 ok=0
Cmd: compileCompute
  error: 2 plat 4 at ReactDiffuse.compute(22): undeclared identifier 'cells'
  api=4 insize=1203 outsize=0 ok=0
Cmd: compileCompute
  error: 2 plat 4 at ReactDiffuse.compute(22): syntax error: unexpected token 'f'
  error: 1 plat 4 at ReactDiffuse.compute(22): implicit truncation of vector type
  error: 2 plat 4 at ReactDiffuse.compute(24): undeclared identifier 'width'
  api=4 insize=1208 outsize=0 ok=0
Cmd: compileCompute
  error: 2 plat 4 at ReactDiffuse.compute(22): syntax error: unexpected token 'f'
  error: 1 plat 4 at ReactDiffuse.compute(22): implicit truncation of vector type
  error: 2 plat 4 at ReactDiffuse.compute(24): undeclared identifier 'width'
  api=4 insize=1208 outsize=0 ok=0
Cmd: compileCompute
  error: 1 plat 4 at ReactDiffuse.compute(22): implicit truncation of vector type
  error: 2 plat 4 at ReactDiffuse.compute(24): undeclared identifier 'width'
  api=4 insize=1207 outsize=0 ok=0
Cmd: compileCompute
  error: 1 plat 4 at ReactDiffuse.compute(22): implicit truncation of vector type
  error: 2 plat 4 at ReactDiffuse.compute(24): undeclared identifier 'width'
  api=4 insize=1207 outsize=0 ok=0
Cmd: compileCompute
  error: 1 plat 4 at ReactDiffuse.compute(23): implicit truncation of vector type
  error: 2 plat 4 at ReactDiffuse.compute(25): undeclared identifier 'width'
  api=4 insize=1221 outsize=0 ok=0
Cmd: compileCompute
  error: 1 plat 4 at ReactDiffuse.compute(23): implicit truncation of vector type
  error: 2 plat 4 at ReactDiffuse.compute(25): undeclared identifier 'width'
  api=4 insize=1221 outsize=0 ok=0
Cmd: compileCompute
  error: 1 plat 4 at ReactDiffuse.compute(30): implicit truncation of vector type
  error: 1 plat 4 at ReactDiffuse.compute(32): implicit truncation of vector type
  api=4 insize=1227 outsize=1385 ok=1
Cmd: compileCompute
  api=4 insize=1344 outsize=1385 ok=1
Cmd: compileCompute
  api=4 insize=1374 outsize=1385 ok=1
Cmd: compileCompute
  api=4 insize=1796 outsize=1953 ok=1
Cmd: compileCompute
  api=4 insize=1858 outsize=1953 ok=1
Cmd: compileCompute
  error: 2 plat 4 at ReactDiffuse.compute(47): redefinition of 'prevTexA'
  api=4 insize=2458 outsize=0 ok=0
Cmd: compileCompute
  error: 2 plat 4 at ReactDiffuse.compute(47): redefinition of 'prevTexA'
  api=4 insize=2458 outsize=0 ok=0
Cmd: compileCompute
  error: 2 plat 4 at ReactDiffuse.compute(47): redefinition of 'prevTexA'
  api=4 insize=2356 outsize=0 ok=0
Cmd: compileCompute
  error: 2 plat 4 at ReactDiffuse.compute(47): redefinition of 'prevTexA'
  api=4 insize=2356 outsize=0 ok=0
Cmd: compileCompute
  error: 2 plat 4 at ReactDiffuse.compute(53): undeclared identifier 'laPlaceA'
  api=4 insize=2223 outsize=0 ok=0
Cmd: compileCompute
  error: 2 plat 4 at ReactDiffuse.compute(53): undeclared identifier 'laPlaceA'
  api=4 insize=2223 outsize=0 ok=0
Cmd: compileCompute
  api=4 insize=2195 outsize=2341 ok=1
Cmd: compileCompute
  error: 2 plat 4 at ReactDiffuse.compute(52): invalid subscript 'b'
  api=4 insize=2250 outsize=0 ok=0
Cmd: compileCompute
  error: 2 plat 4 at ReactDiffuse.compute(52): invalid subscript 'b'
  api=4 insize=2250 outsize=0 ok=0
Cmd: compileCompute
  api=4 insize=2250 outsize=2341 ok=1
Cmd: compileCompute
  api=4 insize=2250 outsize=2341 ok=1
Cmd: compileCompute
  api=4 insize=2301 outsize=2421 ok=1
Cmd: compileCompute
  api=4 insize=2244 outsize=2421 ok=1
Cmd: compileCompute
  api=4 insize=2468 outsize=2605 ok=1
Cmd: compileCompute
  api=4 insize=2687 outsize=2685 ok=1
Cmd: compileCompute
  error: 2 plat 4 at ReactDiffuse.compute(39): undeclared identifier 'a'
  api=4 insize=2802 outsize=0 ok=0
Cmd: compileCompute
  error: 2 plat 4 at ReactDiffuse.compute(39): undeclared identifier 'a'
  api=4 insize=2802 outsize=0 ok=0
Cmd: compileCompute
  error: 1 plat 4 at ReactDiffuse.compute(39): implicit truncation of vector type
  error: 1 plat 4 at ReactDiffuse.compute(40): implicit truncation of vector type
  api=4 insize=2812 outsize=3005 ok=1
Cmd: compileCompute
  error: 1 plat 4 at ReactDiffuse.compute(23): implicit truncation of vector type
  error: 1 plat 4 at ReactDiffuse.compute(24): implicit truncation of vector type
  error: 1 plat 4 at ReactDiffuse.compute(39): implicit truncation of vector type
  error: 1 plat 4 at ReactDiffuse.compute(40): implicit truncation of vector type
  api=4 insize=2812 outsize=2949 ok=1
Cmd: compileCompute
  api=4 insize=2810 outsize=2949 ok=1
Cmd: compileCompute
  api=4 insize=2806 outsize=2949 ok=1
Cmd: compileCompute
  api=4 insize=2815 outsize=2685 ok=1
Cmd: compileCompute
  api=4 insize=2809 outsize=2849 ok=1
Cmd: compileCompute
  api=4 insize=2821 outsize=2405 ok=1
Cmd: compileCompute
  api=4 insize=2845 outsize=2405 ok=1
Cmd: compileCompute
  error: 2 plat 4 at ReactDiffuse.compute(23): undeclared identifier 'wrappedRightX'
  api=4 insize=3241 outsize=0 ok=0
Cmd: compileCompute
  error: 2 plat 4 at ReactDiffuse.compute(23): undeclared identifier 'wrappedRightX'
  api=4 insize=3241 outsize=0 ok=0
Cmd: compileCompute
  api=4 insize=3241 outsize=2425 ok=1
Cmd: compileCompute
  api=4 insize=3237 outsize=2445 ok=1
Cmd: compileCompute
  api=4 insize=3242 outsize=2049 ok=1
Cmd: compileCompute
  api=4 insize=3247 outsize=1737 ok=1
Cmd: compileCompute
  error: 2 plat 4 at ReactDiffuse.compute(30): syntax error: unexpected token ')'
  api=4 insize=2822 outsize=0 ok=0
Cmd: compileCompute
  error: 2 plat 4 at ReactDiffuse.compute(30): syntax error: unexpected token ')'
  api=4 insize=2822 outsize=0 ok=0
Cmd: compileCompute
  api=4 insize=2820 outsize=2445 ok=1
Cmd: compileCompute
  api=4 insize=2716 outsize=2269 ok=1
Cmd: compileCompute
  api=4 insize=2714 outsize=2209 ok=1
Cmd: compileCompute
  api=4 insize=2710 outsize=2269 ok=1
Cmd: compileCompute
  error: 2 plat 4 at ReactDiffuse.compute(34): syntax error: unexpected token ';'
  error: 2 plat 4 at ReactDiffuse.compute(35): syntax error: unexpected token ']'
  api=4 insize=2759 outsize=0 ok=0
Cmd: compileCompute
  error: 2 plat 4 at ReactDiffuse.compute(34): syntax error: unexpected token ';'
  error: 2 plat 4 at ReactDiffuse.compute(35): syntax error: unexpected token ']'
  api=4 insize=2759 outsize=0 ok=0
Cmd: compileCompute
  api=4 insize=2747 outsize=2269 ok=1
Cmd: compileCompute
  api=4 insize=2747 outsize=2269 ok=1
Cmd: compileCompute
  api=4 insize=2740 outsize=2269 ok=1
Cmd: compileCompute
  api=4 insize=2735 outsize=2853 ok=1
Cmd: compileCompute
  api=4 insize=2741 outsize=2785 ok=1
Cmd: compileCompute
  api=4 insize=2735 outsize=2853 ok=1
Cmd: compileCompute
  error: 2 plat 4 at ReactDiffuse.compute(33): undeclared identifier 'prevTexB'
  api=4 insize=2691 outsize=0 ok=0
Cmd: compileCompute
  error: 2 plat 4 at ReactDiffuse.compute(33): undeclared identifier 'prevTexB'
  api=4 insize=2691 outsize=0 ok=0
Cmd: compileCompute
  api=4 insize=2675 outsize=2169 ok=1
Cmd: compileCompute
  api=4 insize=2738 outsize=1125 ok=1
Cmd: compileCompute
  api=4 insize=2494 outsize=1033 ok=1
Cmd: compileCompute
  api=4 insize=2496 outsize=1033 ok=1
Cmd: compileCompute
  api=4 insize=2502 outsize=2077 ok=1
Cmd: compileCompute
  api=4 insize=2502 outsize=2077 ok=1
Cmd: compileCompute
  api=4 insize=2506 outsize=2077 ok=1
Cmd: compileCompute
  api=4 insize=2504 outsize=2077 ok=1
Cmd: compileCompute
  api=4 insize=2501 outsize=2077 ok=1
Cmd: compileCompute
  api=4 insize=2392 outsize=2077 ok=1
Cmd: compileCompute
  api=4 insize=2501 outsize=2153 ok=1
Cmd: compileCompute
  api=4 insize=2199 outsize=2153 ok=1
Cmd: compileCompute
  api=4 insize=2200 outsize=2153 ok=1
Cmd: compileCompute
  api=4 insize=2199 outsize=2153 ok=1
Cmd: compileCompute
  api=4 insize=2174 outsize=2153 ok=1
Cmd: compileCompute
  api=4 insize=2174 outsize=2153 ok=1
Cmd: compileCompute
  api=4 insize=2066 outsize=2153 ok=1
Cmd: compileCompute
  api=4 insize=2122 outsize=2281 ok=1
Cmd: compileCompute
  api=4 insize=2070 outsize=2153 ok=1
Cmd: compileCompute
  api=4 insize=2115 outsize=2153 ok=1
Cmd: compileCompute
  api=4 insize=2055 outsize=2153 ok=1
Cmd: compileCompute
  api=4 insize=2051 outsize=2153 ok=1
Cmd: compileCompute
  api=4 insize=2291 outsize=2937 ok=1
Cmd: compileCompute
  api=4 insize=2531 outsize=2329 ok=1
Cmd: compileCompute
  api=4 insize=2230 outsize=2329 ok=1
Cmd: compileSnippet
  api=4 type=0 insize=1097 outsize=1874 kw=DIRECTIONAL _EMISSION pd=UNITY_ENABLE_REFLECTION_BUFFERS UNITY_USE_DITHER_MASK_FOR_ALPHABLENDED_SHADOWS UNITY_PBS_USE_BRDF1 UNITY_SPECCUBE_BOX_PROJECTION UNITY_SPECCUBE_BLENDING UNITY_ENABLE_DETAIL_NORMALMAP SHADER_API_DESKTOP UNITY_COLORSPACE_GAMMA ok=1
Cmd: compileSnippet
  api=4 type=1 insize=1097 outsize=6898 kw=DIRECTIONAL _EMISSION pd=UNITY_ENABLE_REFLECTION_BUFFERS UNITY_USE_DITHER_MASK_FOR_ALPHABLENDED_SHADOWS UNITY_PBS_USE_BRDF1 UNITY_SPECCUBE_BOX_PROJECTION UNITY_SPECCUBE_BLENDING UNITY_ENABLE_DETAIL_NORMALMAP SHADER_API_DESKTOP UNITY_COLORSPACE_GAMMA ok=1
